2023-12-08 23:50:59
the status of the container cr-container-liv is abnormal
2023-12-08 23:50:59
start restoring cr-container-liv
2023-12-08 23:50:59

6918b34d71234dcfb766dc4fae9949962efdf96a01c1f612054c5bc3f040c003
2023-12-08 23:51:01
finish restoring cr-container-liv
2023-12-08 23:51:52
the status of the container cr-container-liv is abnormal
2023-12-08 23:51:52
start restoring cr-container-liv
2023-12-08 23:51:52

dfd485f0527436acc87d2a337f4e5289510b57187888406580e00c16149ea3e6
2023-12-08 23:51:55
finish restoring cr-container-liv
2023-12-08 23:52:38
stop running cr-process-liv
2023-12-09 18:22:53
the status of the container cr-container-fcb is abnormal
2023-12-09 18:22:53
start restoring cr-container-fcb
978176634ca2cf55f435b5ed01ff278e750cbcda4a5c314b7642181b8c2c3898
2023-12-09 18:22:56
finish restoring cr-container-fcb
2023-12-09 18:24:10
the status of the container cr-container-fcb is abnormal
2023-12-09 18:24:10
start restoring cr-container-fcb
770f2f4b8c9660f351f6a57e425a5bf8084f5572ffe40bf161a7be0cfb4f408f
2023-12-09 18:24:11
finish restoring cr-container-fcb
2023-12-09 18:25:55
the status of the container cr-container-fcb is abnormal
2023-12-09 18:25:55
start restoring cr-container-fcb
acf0f5ab19f514ddd2e603b1b218c97b15ed3bc07692ad763458e46e84e6dad8
2023-12-09 18:25:56
finish restoring cr-container-fcb
2023-12-09 18:26:11
the status of the container cr-container-fcb is abnormal
2023-12-09 18:26:11
start restoring cr-container-fcb
0c4ca5a362005077ca7274769cb945dc8f633e51ba6077af52a6eb78882f8e9b
2023-12-09 18:26:12
finish restoring cr-container-fcb
2023-12-09 18:34:27
the status of the container cr-container-fcb is abnormal
2023-12-09 18:34:27
start restoring cr-container-fcb
5ef28cbe40ec127b47debc1d179caad1e82cbc858e8031df70c5dd842b151f4f
2023-12-09 18:34:30
finish restoring cr-container-fcb
2023-12-09 19:11:31
stop running cr-process-fcb
2023-12-10 21:47:36
the status of the container cr-container-liv is abnormal
2023-12-10 21:47:36
start restoring cr-container-liv
10f4fd7042000f12a2a6a2929b5dd9f1cf2a930cef66a85ee7d3b758cbc6982e
2023-12-10 21:47:48
finish restoring cr-container-liv
2023-12-10 21:48:33
stop running cr-process-liv
2023-12-12 01:21:18
the status of the container cr-container-liv is abnormal
2023-12-12 01:21:18
start restoring cr-container-liv
02797c2c0f64e1526e8fcb914b67a00ba73c95194544d9e0176b693e5646542b
2023-12-12 01:21:22
finish restoring cr-container-liv
2023-12-12 01:21:57
the status of the container cr-container-liv is abnormal
2023-12-12 01:21:57
start restoring cr-container-liv
95d029a7c70abef36b404c115b7bad5939259cf8d1a254caf67c4789cee91748
2023-12-12 01:22:00
finish restoring cr-container-liv
2023-12-12 01:22:09
the status of the container cr-container-liv is abnormal
2023-12-12 01:22:09
start restoring cr-container-liv
bef9953172d8d9075efc222c19182223597ccde1d1c7955d31be95dc8be6bdc8
2023-12-12 01:22:12
finish restoring cr-container-liv
2023-12-12 01:22:33
the status of the container cr-container-liv is abnormal
2023-12-12 01:22:33
start restoring cr-container-liv
c3faaa825a00ca13ad12be4cc22648e4dee56aa765598224e01c0bfc48895257
2023-12-12 01:22:37
finish restoring cr-container-liv
2023-12-12 01:22:53
the status of the container cr-container-liv is abnormal
2023-12-12 01:22:53
start restoring cr-container-liv
852f38dff5fae9a576bfdba0634e1e81b80d950b8b26c1c79cb8122e9970785d
2023-12-12 01:22:56
finish restoring cr-container-liv
2023-12-12 01:23:09
the status of the container cr-container-liv is abnormal
2023-12-12 01:23:09
start restoring cr-container-liv
d6cd67b90a323456a29c4335aab5e1cd8fd2d8ede80705c61a207d392b811d1d
2023-12-12 01:23:11
finish restoring cr-container-liv
2023-12-12 01:23:21
the status of the container cr-container-liv is abnormal
2023-12-12 01:23:21
start restoring cr-container-liv
ed4cb29b8dc1a665ad36c501c5ae41bb49b0587cec1c2065830b74162844c4ea
2023-12-12 01:23:24
finish restoring cr-container-liv
2023-12-12 01:23:51
stop running cr-process-liv
